Removed Pin From Net: NetName=SGND Pin=CN1-2
Removed Pin From Net: NetName=GND Pin=CN1-3
Removed Pin From Net: NetName=+5V Pin=CN1-4
Removed Pin From Net: NetName=PC11 Pin=CN1-5
Removed Pin From Net: NetName=PC10 Pin=CN1-6
Removed Pin From Net: NetName=PD0 Pin=CN1-7
Removed Pin From Net: NetName=PC12 Pin=CN1-8
Removed Pin From Net: NetName=PD2 Pin=CN1-9
Removed Pin From Net: NetName=PD1 Pin=CN1-10
Removed Pin From Net: NetName=PD4 Pin=CN1-11
Removed Pin From Net: NetName=PD3 Pin=CN1-12
Removed Pin From Net: NetName=PD6 Pin=CN1-13
Removed Pin From Net: NetName=PD5 Pin=CN1-14
Removed Pin From Net: NetName=PB5 Pin=CN1-15
Removed Pin From Net: NetName=PD7 Pin=CN1-16
Removed Pin From Net: NetName=PB7 Pin=CN1-17
Removed Pin From Net: NetName=PB6 Pin=CN1-18
Removed Pin From Net: NetName=PB9 Pin=CN1-19
Removed Pin From Net: NetName=PB8 Pin=CN1-20
Removed Pin From Net: NetName=PE1 Pin=CN1-21
Removed Pin From Net: NetName=PE0 Pin=CN1-22
Removed Pin From Net: NetName=EVCC Pin=J3-2
Removed Pin From Net: NetName=EVCC Pin=J6-3
Change Component Comment : Designator=J3 Old Comment=POWERV5 New Comment=POWER
Added Pin To Net: NetName=+3V3 Pin=CN1-2
Added Pin To Net: NetName=PC11 Pin=CN1-3
Added Pin To Net: NetName=PC10 Pin=CN1-4
Added Pin To Net: NetName=PD0 Pin=CN1-5
Added Pin To Net: NetName=PC12 Pin=CN1-6
Added Pin To Net: NetName=PD2 Pin=CN1-7
Added Pin To Net: NetName=PD1 Pin=CN1-8
Added Pin To Net: NetName=PD4 Pin=CN1-9
Added Pin To Net: NetName=PD3 Pin=CN1-10
Added Pin To Net: NetName=PD6 Pin=CN1-11
Added Pin To Net: NetName=PD5 Pin=CN1-12
Added Pin To Net: NetName=PB5 Pin=CN1-13
Added Pin To Net: NetName=PD7 Pin=CN1-14
Added Pin To Net: NetName=PB7 Pin=CN1-15
Added Pin To Net: NetName=PB6 Pin=CN1-16
Added Pin To Net: NetName=PB9 Pin=CN1-17
Added Pin To Net: NetName=PB8 Pin=CN1-18
Added Pin To Net: NetName=PE1 Pin=CN1-19
Added Pin To Net: NetName=PE0 Pin=CN1-20
Added Pin To Net: NetName=PE2 Pin=CN1-21
Added Pin To Net: NetName=PE3 Pin=CN1-22
Added Pin To Net: NetName=POWER_IN_3.3V Pin=J3-2
Added Pin To Net: NetName=POWER_IN_3.3V Pin=J6-3
Added Net: Name=POWER_IN_3.3V
