Change Component Footprint: Designator=C1 Old Footprint=0603C New Footprint=0805C
Change Component Footprint: Designator=C2 Old Footprint=0603C New Footprint=0805C
Change Component Footprint: Designator=C3 Old Footprint=0603C New Footprint=0805C
Change Component Footprint: Designator=C4 Old Footprint=0603C New Footprint=0805C
Change Component Footprint: Designator=C5 Old Footprint=0603C New Footprint=0805C
Change Component Footprint: Designator=C6 Old Footprint=0603C New Footprint=0805C
Change Component Footprint: Designator=C7 Old Footprint=0603C New Footprint=0805C
Change Component Footprint: Designator=C8 Old Footprint=0603C New Footprint=0805C
Change Component Footprint: Designator=C9 Old Footprint=0603C New Footprint=0805C
Change Component Footprint: Designator=C10 Old Footprint=0603C New Footprint=0805C
Change Component Footprint: Designator=R1 Old Footprint=0603R New Footprint=0805R
Change Component Footprint: Designator=R2 Old Footprint=0603r New Footprint=0805R
Change Component Footprint: Designator=R3 Old Footprint=0603r New Footprint=0805R
Change Component Footprint: Designator=R5 Old Footprint=0603r New Footprint=0805R
Change Component Footprint: Designator=R7 Old Footprint=0603R New Footprint=0805R
Change Component Footprint: Designator=R8 Old Footprint=0603R New Footprint=0805R
Change Component Footprint: Designator=R9 Old Footprint=0603R New Footprint=0805R
Change Component Footprint: Designator=R10 Old Footprint=0603R New Footprint=0805R
Change Component Footprint: Designator=R11 Old Footprint=0603R New Footprint=0805R
Change Component Footprint: Designator=R12 Old Footprint=0603R New Footprint=0805R
Change Component Footprint: Designator=R14 Old Footprint=0603R New Footprint=0805R
Change Component Footprint: Designator=R15 Old Footprint=0603R New Footprint=0805R
Change Component Footprint: Designator=R16 Old Footprint=0603R New Footprint=0805R
Added Component: Designator=C13(3528C(1210))
Added Pin To Net: NetName=VDDA Pin=C13-1
Added Pin To Net: NetName=SGND Pin=C13-2
Added Member To Class: ClassName=STM32 Member=Component C13 10uF
Added Room: Name=STM32
